This file contains any messages produced by compilers while
running configure, to aid debugging if configure makes a mistake.

It was created by libdmtx configure 0.7.7, which was
generated by GNU Autoconf 2.69.  Invocation command line was

  $ ./configure 

## --------- ##
## Platform. ##
## --------- ##

hostname = jiabaos-ThinkBook-14-G6-IMH
uname -m = x86_64
uname -r = 5.15.0-116-generic
uname -s = Linux
uname -v = #126~20.04.1-Ubuntu SMP Mon Jul 1 15:40:07 UTC 2024

/usr/bin/uname -p = x86_64
/bin/uname -X     = unknown

/bin/arch              = x86_64
/usr/bin/arch -k       = unknown
/usr/convex/getsysinfo = unknown
/usr/bin/hostinfo      = unknown
/bin/machine           = unknown
/usr/bin/oslevel       = unknown
/bin/universe          = unknown

PATH: /home/jia-baos/miniconda3/bin
PATH: /home/jia-baos/miniconda3/condabin
PATH: /usr/local/sbin
PATH: /usr/local/bin
PATH: /usr/sbin
PATH: /usr/bin
PATH: /sbin
PATH: /bin
PATH: /usr/games
PATH: /usr/local/games
PATH: /snap/bin


## ----------- ##
## Core tests. ##
## ----------- ##

configure:2268: checking for a BSD-compatible install
configure:2336: result: /usr/bin/install -c
configure:2347: checking whether build environment is sane
configure:2402: result: yes
configure:2551: checking for a thread-safe mkdir -p
configure:2590: result: /usr/bin/mkdir -p
configure:2597: checking for gawk
configure:2627: result: no
configure:2597: checking for mawk
configure:2613: found /usr/bin/mawk
configure:2624: result: mawk
configure:2635: checking whether make sets $(MAKE)
configure:2657: result: yes
configure:2686: checking whether make supports nested variables
configure:2703: result: yes
configure:2884: checking for gcc
configure:2900: found /usr/bin/gcc
configure:2911: result: gcc
configure:3140: checking for C compiler version
configure:3149: gcc --version >&5
gcc (Ubuntu 9.4.0-1ubuntu1~20.04.3) 9.4.0
Copyright (C) 2019 Free Software Foundation, Inc.
This is free software; see the source for copying conditions.  There is NO
warranty; not even for MERCHANTABILITY or FITNESS FOR A PARTICULAR PURPOSE.

configure:3160: $? = 0
configure:3149: gcc -v >&5
Using built-in specs.
COLLECT_GCC=gcc
COLLECT_LTO_WRAPPER=/usr/lib/gcc/x86_64-linux-gnu/9/lto-wrapper
OFFLOAD_TARGET_NAMES=nvptx-none:hsa
OFFLOAD_TARGET_DEFAULT=1
Target: x86_64-linux-gnu
Configured with: ../src/configure -v --with-pkgversion='Ubuntu 9.4.0-1ubuntu1~20.04.3' --with-bugurl=file:///usr/share/doc/gcc-9/README.Bugs --enable-languages=c,ada,c++,go,brig,d,fortran,objc,obj-c++,gm2 --prefix=/usr --with-gcc-major-version-only --program-suffix=-9 --program-prefix=x86_64-linux-gnu- --enable-shared --enable-linker-build-id --libexecdir=/usr/lib --without-included-gettext --enable-threads=posix --libdir=/usr/lib --enable-nls --enable-clocale=gnu --enable-libstdcxx-debug --enable-libstdcxx-time=yes --with-default-libstdcxx-abi=new --enable-gnu-unique-object --disable-vtable-verify --enable-plugin --enable-default-pie --with-system-zlib --with-target-system-zlib=auto --enable-objc-gc=auto --enable-multiarch --disable-werror --with-arch-32=i686 --with-abi=m64 --with-multilib-list=m32,m64,mx32 --enable-multilib --with-tune=generic --enable-offload-targets=nvptx-none=/build/gcc-9-05ho5U/gcc-9-9.4.0/debian/tmp-nvptx/usr,hsa --without-cuda-driver --enable-checking=release --build=x86_64-linux-gnu --host=x86_64-linux-gnu --target=x86_64-linux-gnu
Thread model: posix
gcc version 9.4.0 (Ubuntu 9.4.0-1ubuntu1~20.04.3) 
configure:3160: $? = 0
configure:3149: gcc -V >&5
gcc: error: unrecognized command line option '-V'
gcc: fatal error: no input files
compilation terminated.
configure:3160: $? = 1
configure:3149: gcc -qversion >&5
gcc: error: unrecognized command line option '-qversion'; did you mean '--version'?
gcc: fatal error: no input files
compilation terminated.
configure:3160: $? = 1
configure:3180: checking whether the C compiler works
configure:3202: gcc    conftest.c  >&5
configure:3206: $? = 0
configure:3254: result: yes
configure:3257: checking for C compiler default output file name
configure:3259: result: a.out
configure:3265: checking for suffix of executables
configure:3272: gcc -o conftest    conftest.c  >&5
configure:3276: $? = 0
configure:3298: result: 
configure:3320: checking whether we are cross compiling
configure:3328: gcc -o conftest    conftest.c  >&5
configure:3332: $? = 0
configure:3339: ./conftest
configure:3343: $? = 0
configure:3331: result: no
configure:3336: checking for suffix of object files
configure:3358: gcc -c   conftest.c >&5
configure:3362: $? = 0
configure:3383: result: o
configure:3387: checking whether we are using the GNU C compiler
configure:3406: gcc -c   conftest.c >&5
configure:3406: $? = 0
configure:3415: result: yes
configure:3424: checking whether gcc accepts -g
configure:3444: gcc -c -g  conftest.c >&5
configure:3444: $? = 0
configure:3485: result: yes
configure:3502: checking for gcc option to accept ISO C89
configure:3565: gcc  -c -g -O2  conftest.c >&5
configure:3565: $? = 0
configure:3578: result: none needed
configure:3603: checking whether gcc understands -c and -o together
configure:3625: gcc -c conftest.c -o conftest2.o
configure:3628: $? = 0
configure:3625: gcc -c conftest.c -o conftest2.o
configure:3628: $? = 0
configure:3640: result: yes
configure:3660: checking whether make supports the include directive
configure:3675: make -f confmf.GNU && cat confinc.out
this is the am__doit target
configure:3678: $? = 0
configure:3697: result: yes (GNU style)
configure:3722: checking dependency style of gcc
configure:3833: result: gcc3
configure:3877: checking build system type
configure:3891: result: x86_64-pc-linux-gnu
configure:3911: checking host system type
configure:3924: result: x86_64-pc-linux-gnu
configure:3965: checking how to print strings
configure:3992: result: printf
configure:4013: checking for a sed that does not truncate output
configure:4077: result: /usr/bin/sed
configure:4095: checking for grep that handles long lines and -e
configure:4153: result: /usr/bin/grep
configure:4158: checking for egrep
configure:4220: result: /usr/bin/grep -E
configure:4225: checking for fgrep
configure:4287: result: /usr/bin/grep -F
configure:4322: checking for ld used by gcc
configure:4389: result: /usr/bin/ld
configure:4396: checking if the linker (/usr/bin/ld) is GNU ld
configure:4411: result: yes
configure:4423: checking for BSD- or MS-compatible name lister (nm)
configure:4477: result: /usr/bin/nm -B
configure:4607: checking the name lister (/usr/bin/nm -B) interface
configure:4614: gcc -c -g -O2  conftest.c >&5
configure:4617: /usr/bin/nm -B "conftest.o"
configure:4620: output
0000000000000000 B some_variable
configure:4621: result: BSD nm
configure:4624: checking whether ln -s works
configure:4628: result: yes
configure:4636: checking the maximum length of command line arguments
configure:4767: result: 1572864
configure:4815: checking how to convert x86_64-pc-linux-gnu file names to x86_64-pc-linux-gnu format
configure:4855: result: func_convert_file_noop
configure:4862: checking how to convert x86_64-pc-linux-gnu file names to toolchain format
configure:4882: result: func_convert_file_noop
configure:4889: checking for /usr/bin/ld option to reload object files
configure:4896: result: -r
configure:4970: checking for objdump
configure:4986: found /usr/bin/objdump
configure:4997: result: objdump
configure:5029: checking how to recognize dependent libraries
configure:5229: result: pass_all
configure:5314: checking for dlltool
configure:5344: result: no
configure:5374: checking how to associate runtime and link libraries
configure:5401: result: printf %s\n
configure:5462: checking for ar
configure:5478: found /usr/bin/ar
configure:5489: result: ar
configure:5526: checking for archiver @FILE support
configure:5543: gcc -c -g -O2  conftest.c >&5
configure:5543: $? = 0
configure:5546: ar cr libconftest.a @conftest.lst >&5
configure:5549: $? = 0
configure:5554: ar cr libconftest.a @conftest.lst >&5
ar: conftest.o: No such file or directory
configure:5557: $? = 1
configure:5556: result: @
configure:5614: checking for strip
configure:5630: found /usr/bin/strip
configure:5641: result: strip
configure:5713: checking for ranlib
configure:5729: found /usr/bin/ranlib
configure:5740: result: ranlib
configure:5842: checking command to parse /usr/bin/nm -B output from gcc object
configure:5995: gcc -c -g -O2  conftest.c >&5
configure:5998: $? = 0
configure:6002: /usr/bin/nm -B conftest.o | sed -n -e 's/^.*[	 ]\([ABCDGIRSTW][ABCDGIRSTW]*\)[	 ][	 ]*\([_A-Za-z][_A-Za-z0-9]*\)$/\1 \2 \2/p' | sed '/ __gnu_lto/d' > conftest.nm
configure:6068: gcc -o conftest -g -O2   conftest.c conftstm.o >&5
configure:6071: $? = 0
configure:6109: result: ok
configure:6156: checking for sysroot
configure:6186: result: no
configure:6193: checking for a working dd
configure:6231: result: /usr/bin/dd
configure:6235: checking how to truncate binary pipes
configure:6250: result: /usr/bin/dd bs=4096 count=1
configure:6386: gcc -c -g -O2  conftest.c >&5
configure:6389: $? = 0
configure:6579: checking for mt
configure:6595: found /usr/bin/mt
configure:6606: result: mt
configure:6629: checking if mt is a manifest tool
configure:6635: mt '-?'
configure:6643: result: no
configure:7320: checking how to run the C preprocessor
configure:7351: gcc -E  conftest.c
configure:7351: $? = 0
configure:7365: gcc -E  conftest.c
conftest.c:11:10: fatal error: ac_nonexistent.h: No such file or directory
   11 | #include <ac_nonexistent.h>
      |          ^~~~~~~~~~~~~~~~~~
compilation terminated.
configure:7365: $? = 1
configure: failed program was:
| /* confdefs.h */
| #define PACKAGE_NAME "libdmtx"
| #define PACKAGE_TARNAME "libdmtx"
| #define PACKAGE_VERSION "0.7.7"
| #define PACKAGE_STRING "libdmtx 0.7.7"
| #define PACKAGE_BUGREPORT "https://github.com/dmtx/libdmtx/issues"
| #define PACKAGE_URL "https://github.com/dmtx/libdmtx"
| #define PACKAGE "libdmtx"
| #define VERSION "0.7.7"
| /* end confdefs.h.  */
| #include <ac_nonexistent.h>
configure:7390: result: gcc -E
configure:7410: gcc -E  conftest.c
configure:7410: $? = 0
configure:7424: gcc -E  conftest.c
conftest.c:11:10: fatal error: ac_nonexistent.h: No such file or directory
   11 | #include <ac_nonexistent.h>
      |          ^~~~~~~~~~~~~~~~~~
compilation terminated.
configure:7424: $? = 1
configure: failed program was:
| /* confdefs.h */
| #define PACKAGE_NAME "libdmtx"
| #define PACKAGE_TARNAME "libdmtx"
| #define PACKAGE_VERSION "0.7.7"
| #define PACKAGE_STRING "libdmtx 0.7.7"
| #define PACKAGE_BUGREPORT "https://github.com/dmtx/libdmtx/issues"
| #define PACKAGE_URL "https://github.com/dmtx/libdmtx"
| #define PACKAGE "libdmtx"
| #define VERSION "0.7.7"
| /* end confdefs.h.  */
| #include <ac_nonexistent.h>
configure:7453: checking for ANSI C header files
configure:7473: gcc -c -g -O2  conftest.c >&5
configure:7473: $? = 0
configure:7546: gcc -o conftest -g -O2   conftest.c  >&5
configure:7546: $? = 0
configure:7546: ./conftest
configure:7546: $? = 0
configure:7557: result: yes
configure:7570: checking for sys/types.h
configure:7570: gcc -c -g -O2  conftest.c >&5
configure:7570: $? = 0
configure:7570: result: yes
configure:7570: checking for sys/stat.h
configure:7570: gcc -c -g -O2  conftest.c >&5
configure:7570: $? = 0
configure:7570: result: yes
configure:7570: checking for stdlib.h
configure:7570: gcc -c -g -O2  conftest.c >&5
configure:7570: $? = 0
configure:7570: result: yes
configure:7570: checking for string.h
configure:7570: gcc -c -g -O2  conftest.c >&5
configure:7570: $? = 0
configure:7570: result: yes
configure:7570: checking for memory.h
configure:7570: gcc -c -g -O2  conftest.c >&5
configure:7570: $? = 0
configure:7570: result: yes
configure:7570: checking for strings.h
configure:7570: gcc -c -g -O2  conftest.c >&5
configure:7570: $? = 0
configure:7570: result: yes
configure:7570: checking for inttypes.h
configure:7570: gcc -c -g -O2  conftest.c >&5
configure:7570: $? = 0
configure:7570: result: yes
configure:7570: checking for stdint.h
configure:7570: gcc -c -g -O2  conftest.c >&5
configure:7570: $? = 0
configure:7570: result: yes
configure:7570: checking for unistd.h
configure:7570: gcc -c -g -O2  conftest.c >&5
configure:7570: $? = 0
configure:7570: result: yes
configure:7584: checking for dlfcn.h
configure:7584: gcc -c -g -O2  conftest.c >&5
configure:7584: $? = 0
configure:7584: result: yes
configure:7840: checking for objdir
configure:7855: result: .libs
configure:8119: checking if gcc supports -fno-rtti -fno-exceptions
configure:8137: gcc -c -g -O2  -fno-rtti -fno-exceptions conftest.c >&5
cc1: warning: command line option '-fno-rtti' is valid for C++/D/ObjC++ but not for C
configure:8141: $? = 0
configure:8154: result: no
configure:8518: checking for gcc option to produce PIC
configure:8525: result: -fPIC -DPIC
configure:8533: checking if gcc PIC flag -fPIC -DPIC works
configure:8551: gcc -c -g -O2  -fPIC -DPIC -DPIC conftest.c >&5
configure:8555: $? = 0
configure:8568: result: yes
configure:8597: checking if gcc static flag -static works
configure:8625: result: yes
configure:8640: checking if gcc supports -c -o file.o
configure:8661: gcc -c -g -O2  -o out/conftest2.o conftest.c >&5
configure:8665: $? = 0
configure:8687: result: yes
configure:8695: checking if gcc supports -c -o file.o
configure:8742: result: yes
configure:8775: checking whether the gcc linker (/usr/bin/ld -m elf_x86_64) supports shared libraries
configure:10038: result: yes
configure:10075: checking whether -lc should be explicitly linked in
configure:10083: gcc -c -g -O2  conftest.c >&5
configure:10086: $? = 0
configure:10101: gcc -shared  -fPIC -DPIC conftest.o  -v -Wl,-soname -Wl,conftest -o conftest 2\>\&1 \| /usr/bin/grep  -lc  \>/dev/null 2\>\&1
configure:10104: $? = 0
configure:10118: result: no
configure:10278: checking dynamic linker characteristics
configure:10859: gcc -o conftest -g -O2   -Wl,-rpath -Wl,/foo conftest.c  >&5
configure:10859: $? = 0
configure:11108: result: GNU/Linux ld.so
configure:11230: checking how to hardcode library paths into programs
configure:11255: result: immediate
configure:11803: checking whether stripping libraries is possible
configure:11808: result: yes
configure:11843: checking if libtool supports shared libraries
configure:11845: result: yes
configure:11848: checking whether to build shared libraries
configure:11873: result: yes
configure:11876: checking whether to build static libraries
configure:11880: result: yes
configure:8695: checking for library containing sin
configure:8726: gcc -o conftest -g -O2   conftest.c  >&5
conftest.c:30:6: warning: conflicting types for built-in function 'sin'; expected 'double(double)' [-Wbuiltin-declaration-mismatch]
   30 | char sin ();
      |      ^~~
conftest.c:1:1: note: 'sin' is declared in header '<math.h>'
    1 | /* confdefs.h */
/usr/bin/ld: /tmp/cceQ9H0f.o: in function `main':
/home/jia-baos/Project-CPP/libdmtx/conftest.c:34: undefined reference to `sin'
collect2: error: ld returned 1 exit status
configure:8726: $? = 1
configure: failed program was:
| /* confdefs.h */
| #define PACKAGE_NAME "libdmtx"
| #define PACKAGE_TARNAME "libdmtx"
| #define PACKAGE_VERSION "0.7.7"
| #define PACKAGE_STRING "libdmtx 0.7.7"
| #define PACKAGE_BUGREPORT "https://github.com/dmtx/libdmtx/issues"
| #define PACKAGE_URL "https://github.com/dmtx/libdmtx"
| #define PACKAGE "libdmtx"
| #define VERSION "0.7.7"
| #define STDC_HEADERS 1
| #define HAVE_SYS_TYPES_H 1
| #define HAVE_SYS_STAT_H 1
| #define HAVE_STDLIB_H 1
| #define HAVE_STRING_H 1
| #define HAVE_MEMORY_H 1
| #define HAVE_STRINGS_H 1
| #define HAVE_INTTYPES_H 1
| #define HAVE_STDINT_H 1
| #define HAVE_UNISTD_H 1
| #define HAVE_DLFCN_H 1
| #define LT_OBJDIR ".libs/"
| /* end confdefs.h.  */
| 
| /* Override any GCC internal prototype to avoid an error.
|    Use char because int might match the return type of a GCC
|    builtin and then its argument prototype would still apply.  */
| #ifdef __cplusplus
| extern "C"
| #endif
| char sin ();
| int
| main ()
| {
| return sin ();
|   ;
|   return 0;
| }
configure:8726: gcc -o conftest -g -O2   conftest.c -lm   >&5
conftest.c:30:6: warning: conflicting types for built-in function 'sin'; expected 'double(double)' [-Wbuiltin-declaration-mismatch]
   30 | char sin ();
      |      ^~~
conftest.c:1:1: note: 'sin' is declared in header '<math.h>'
    1 | /* confdefs.h */
configure:8726: $? = 0
configure:8743: result: -lm
configure:8753: checking for library containing cos
configure:8784: gcc -o conftest -g -O2   conftest.c -lm  >&5
conftest.c:30:6: warning: conflicting types for built-in function 'cos'; expected 'double(double)' [-Wbuiltin-declaration-mismatch]
   30 | char cos ();
      |      ^~~
conftest.c:1:1: note: 'cos' is declared in header '<math.h>'
    1 | /* confdefs.h */
configure:8784: $? = 0
configure:8801: result: none required
configure:8811: checking for library containing atan2
configure:8842: gcc -o conftest -g -O2   conftest.c -lm  >&5
conftest.c:30:6: warning: conflicting types for built-in function 'atan2'; expected 'double(double,  double)' [-Wbuiltin-declaration-mismatch]
   30 | char atan2 ();
      |      ^~~~~
conftest.c:1:1: note: 'atan2' is declared in header '<math.h>'
    1 | /* confdefs.h */
configure:8842: $? = 0
configure:8859: result: none required
configure:8872: checking sys/time.h usability
configure:8872: gcc -c -g -O2  conftest.c >&5
configure:8872: $? = 0
configure:8872: result: yes
configure:8872: checking sys/time.h presence
configure:8872: gcc -E  conftest.c
configure:8872: $? = 0
configure:8872: result: yes
configure:8872: checking for sys/time.h
configure:8872: result: yes
configure:8884: checking for gettimeofday
configure:8884: gcc -o conftest -g -O2   conftest.c -lm  >&5
configure:8884: $? = 0
configure:8884: result: yes
configure:9016: checking that generated files are newer than configure
configure:9022: result: done
configure:9049: creating ./config.status

## ---------------------- ##
## Running config.status. ##
## ---------------------- ##

This file was extended by libdmtx config.status 0.7.7, which was
generated by GNU Autoconf 2.69.  Invocation command line was

  CONFIG_FILES    = 
  CONFIG_HEADERS  = 
  CONFIG_LINKS    = 
  CONFIG_COMMANDS = 
  $ ./config.status 

on jiabaos-ThinkBook-14-G6-IMH

config.status:1088: creating Makefile
config.status:1088: creating libdmtx.pc
config.status:1088: creating test/Makefile
config.status:1088: creating test/simple_test/Makefile
config.status:1088: creating config.h
config.status:1317: executing depfiles commands
config.status:1394: cd .       && sed -e '/# am--include-marker/d' Makefile         | make -f - am--depfiles
config.status:1399: $? = 0
config.status:1394: cd test/simple_test       && sed -e '/# am--include-marker/d' Makefile         | make -f - am--depfiles
config.status:1399: $? = 0
config.status:1317: executing libtool commands

## ---------------- ##
## Cache variables. ##
## ---------------- ##

ac_cv_build=x86_64-pc-linux-gnu
ac_cv_c_compiler_gnu=yes
ac_cv_env_CC_set=
ac_cv_env_CC_value=
ac_cv_env_CFLAGS_set=
ac_cv_env_CFLAGS_value=
ac_cv_env_CPPFLAGS_set=
ac_cv_env_CPPFLAGS_value=
ac_cv_env_CPP_set=
ac_cv_env_CPP_value=
ac_cv_env_LDFLAGS_set=
ac_cv_env_LDFLAGS_value=
ac_cv_env_LIBS_set=
ac_cv_env_LIBS_value=
ac_cv_env_LT_SYS_LIBRARY_PATH_set=
ac_cv_env_LT_SYS_LIBRARY_PATH_value=
ac_cv_env_build_alias_set=
ac_cv_env_build_alias_value=
ac_cv_env_host_alias_set=
ac_cv_env_host_alias_value=
ac_cv_env_target_alias_set=
ac_cv_env_target_alias_value=
ac_cv_func_gettimeofday=yes
ac_cv_header_dlfcn_h=yes
ac_cv_header_inttypes_h=yes
ac_cv_header_memory_h=yes
ac_cv_header_stdc=yes
ac_cv_header_stdint_h=yes
ac_cv_header_stdlib_h=yes
ac_cv_header_string_h=yes
ac_cv_header_strings_h=yes
ac_cv_header_sys_stat_h=yes
ac_cv_header_sys_time_h=yes
ac_cv_header_sys_types_h=yes
ac_cv_header_unistd_h=yes
ac_cv_host=x86_64-pc-linux-gnu
ac_cv_objext=o
ac_cv_path_EGREP='/usr/bin/grep -E'
ac_cv_path_FGREP='/usr/bin/grep -F'
ac_cv_path_GREP=/usr/bin/grep
ac_cv_path_SED=/usr/bin/sed
ac_cv_path_install='/usr/bin/install -c'
ac_cv_path_lt_DD=/usr/bin/dd
ac_cv_path_mkdir=/usr/bin/mkdir
ac_cv_prog_AWK=mawk
ac_cv_prog_CPP='gcc -E'
ac_cv_prog_ac_ct_AR=ar
ac_cv_prog_ac_ct_CC=gcc
ac_cv_prog_ac_ct_MANIFEST_TOOL=mt
ac_cv_prog_ac_ct_OBJDUMP=objdump
ac_cv_prog_ac_ct_RANLIB=ranlib
ac_cv_prog_ac_ct_STRIP=strip
ac_cv_prog_cc_c89=
ac_cv_prog_cc_g=yes
ac_cv_prog_make_make_set=yes
ac_cv_search_atan2='none required'
ac_cv_search_cos='none required'
ac_cv_search_sin=-lm
am_cv_CC_dependencies_compiler_type=gcc3
am_cv_make_support_nested_variables=yes
am_cv_prog_cc_c_o=yes
lt_cv_ar_at_file=@
lt_cv_archive_cmds_need_lc=no
lt_cv_deplibs_check_method=pass_all
lt_cv_file_magic_cmd='$MAGIC_CMD'
lt_cv_file_magic_test_file=
lt_cv_ld_reload_flag=-r
lt_cv_nm_interface='BSD nm'
lt_cv_objdir=.libs
lt_cv_path_LD=/usr/bin/ld
lt_cv_path_NM='/usr/bin/nm -B'
lt_cv_path_mainfest_tool=no
lt_cv_prog_compiler_c_o=yes
lt_cv_prog_compiler_pic='-fPIC -DPIC'
lt_cv_prog_compiler_pic_works=yes
lt_cv_prog_compiler_rtti_exceptions=no
lt_cv_prog_compiler_static_works=yes
lt_cv_prog_gnu_ld=yes
lt_cv_sharedlib_from_linklib_cmd='printf %s\n'
lt_cv_shlibpath_overrides_runpath=yes
lt_cv_sys_global_symbol_pipe='sed -n -e '\''s/^.*[	 ]\([ABCDGIRSTW][ABCDGIRSTW]*\)[	 ][	 ]*\([_A-Za-z][_A-Za-z0-9]*\)$/\1 \2 \2/p'\'' | sed '\''/ __gnu_lto/d'\'''
lt_cv_sys_global_symbol_to_c_name_address='sed -n -e '\''s/^: \(.*\) .*$/  {"\1", (void *) 0},/p'\'' -e '\''s/^[ABCDGIRSTW][ABCDGIRSTW]* .* \(.*\)$/  {"\1", (void *) \&\1},/p'\'''
lt_cv_sys_global_symbol_to_c_name_address_lib_prefix='sed -n -e '\''s/^: \(.*\) .*$/  {"\1", (void *) 0},/p'\'' -e '\''s/^[ABCDGIRSTW][ABCDGIRSTW]* .* \(lib.*\)$/  {"\1", (void *) \&\1},/p'\'' -e '\''s/^[ABCDGIRSTW][ABCDGIRSTW]* .* \(.*\)$/  {"lib\1", (void *) \&\1},/p'\'''
lt_cv_sys_global_symbol_to_cdecl='sed -n -e '\''s/^T .* \(.*\)$/extern int \1();/p'\'' -e '\''s/^[ABCDGIRSTW][ABCDGIRSTW]* .* \(.*\)$/extern char \1;/p'\'''
lt_cv_sys_global_symbol_to_import=
lt_cv_sys_max_cmd_len=1572864
lt_cv_to_host_file_cmd=func_convert_file_noop
lt_cv_to_tool_file_cmd=func_convert_file_noop
lt_cv_truncate_bin='/usr/bin/dd bs=4096 count=1'

## ----------------- ##
## Output variables. ##
## ----------------- ##

ACLOCAL='${SHELL} /home/jia-baos/Project-CPP/libdmtx/missing aclocal-1.16'
AMDEPBACKSLASH='\'
AMDEP_FALSE='#'
AMDEP_TRUE=''
AMTAR='$${TAR-tar}'
AM_BACKSLASH='\'
AM_DEFAULT_V='$(AM_DEFAULT_VERBOSITY)'
AM_DEFAULT_VERBOSITY='1'
AM_V='$(V)'
AR='ar'
AUTOCONF='${SHELL} /home/jia-baos/Project-CPP/libdmtx/missing autoconf'
AUTOHEADER='${SHELL} /home/jia-baos/Project-CPP/libdmtx/missing autoheader'
AUTOMAKE='${SHELL} /home/jia-baos/Project-CPP/libdmtx/missing automake-1.16'
AWK='mawk'
CC='gcc'
CCDEPMODE='depmode=gcc3'
CFLAGS='-g -O2'
CPP='gcc -E'
CPPFLAGS=''
CYGPATH_W='echo'
DEFS='-DHAVE_CONFIG_H'
DEPDIR='.deps'
DLLTOOL='false'
DSYMUTIL=''
DUMPBIN=''
ECHO_C=''
ECHO_N='-n'
ECHO_T=''
EGREP='/usr/bin/grep -E'
EXEEXT=''
FGREP='/usr/bin/grep -F'
GREP='/usr/bin/grep'
INSTALL_DATA='${INSTALL} -m 644'
INSTALL_PROGRAM='${INSTALL}'
INSTALL_SCRIPT='${INSTALL}'
INSTALL_STRIP_PROGRAM='$(install_sh) -c -s'
LD='/usr/bin/ld -m elf_x86_64'
LDFLAGS=''
LIBOBJS=''
LIBS='-lm '
LIBTOOL='$(SHELL) $(top_builddir)/libtool'
LIPO=''
LN_S='ln -s'
LTLIBOBJS=''
LT_SYS_LIBRARY_PATH=''
MAKEINFO='${SHELL} /home/jia-baos/Project-CPP/libdmtx/missing makeinfo'
MANIFEST_TOOL=':'
MKDIR_P='/usr/bin/mkdir -p'
NM='/usr/bin/nm -B'
NMEDIT=''
OBJDUMP='objdump'
OBJEXT='o'
OTOOL64=''
OTOOL=''
PACKAGE='libdmtx'
PACKAGE_BUGREPORT='https://github.com/dmtx/libdmtx/issues'
PACKAGE_NAME='libdmtx'
PACKAGE_STRING='libdmtx 0.7.7'
PACKAGE_TARNAME='libdmtx'
PACKAGE_URL='https://github.com/dmtx/libdmtx'
PACKAGE_VERSION='0.7.7'
PATH_SEPARATOR=':'
RANLIB='ranlib'
SED='/usr/bin/sed'
SET_MAKE=''
SHELL='/bin/bash'
STRIP='strip'
TARGET_MACOSX_FALSE=''
TARGET_MACOSX_TRUE='#'
VERSION='0.7.7'
ac_ct_AR='ar'
ac_ct_CC='gcc'
ac_ct_DUMPBIN=''
am__EXEEXT_FALSE=''
am__EXEEXT_TRUE='#'
am__fastdepCC_FALSE='#'
am__fastdepCC_TRUE=''
am__include='include'
am__isrc=''
am__leading_dot='.'
am__nodep='_no'
am__quote=''
am__tar='$${TAR-tar} chof - "$$tardir"'
am__untar='$${TAR-tar} xf -'
bindir='${exec_prefix}/bin'
build='x86_64-pc-linux-gnu'
build_alias=''
build_cpu='x86_64'
build_os='linux-gnu'
build_vendor='pc'
datadir='${datarootdir}'
datarootdir='${prefix}/share'
docdir='${datarootdir}/doc/${PACKAGE_TARNAME}'
dvidir='${docdir}'
exec_prefix='${prefix}'
host='x86_64-pc-linux-gnu'
host_alias=''
host_cpu='x86_64'
host_os='linux-gnu'
host_vendor='pc'
htmldir='${docdir}'
includedir='${prefix}/include'
infodir='${datarootdir}/info'
install_sh='${SHELL} /home/jia-baos/Project-CPP/libdmtx/install-sh'
libdir='${exec_prefix}/lib'
libexecdir='${exec_prefix}/libexec'
localedir='${datarootdir}/locale'
localstatedir='${prefix}/var'
mandir='${datarootdir}/man'
mkdir_p='$(MKDIR_P)'
oldincludedir='/usr/include'
pdfdir='${docdir}'
prefix='/usr/local'
program_transform_name='s,x,x,'
psdir='${docdir}'
runstatedir='${localstatedir}/run'
sbindir='${exec_prefix}/sbin'
sharedstatedir='${prefix}/com'
sysconfdir='${prefix}/etc'
target_alias=''

## ----------- ##
## confdefs.h. ##
## ----------- ##

/* confdefs.h */
#define PACKAGE_NAME "libdmtx"
#define PACKAGE_TARNAME "libdmtx"
#define PACKAGE_VERSION "0.7.7"
#define PACKAGE_STRING "libdmtx 0.7.7"
#define PACKAGE_BUGREPORT "https://github.com/dmtx/libdmtx/issues"
#define PACKAGE_URL "https://github.com/dmtx/libdmtx"
#define PACKAGE "libdmtx"
#define VERSION "0.7.7"
#define STDC_HEADERS 1
#define HAVE_SYS_TYPES_H 1
#define HAVE_SYS_STAT_H 1
#define HAVE_STDLIB_H 1
#define HAVE_STRING_H 1
#define HAVE_MEMORY_H 1
#define HAVE_STRINGS_H 1
#define HAVE_INTTYPES_H 1
#define HAVE_STDINT_H 1
#define HAVE_UNISTD_H 1
#define HAVE_DLFCN_H 1
#define LT_OBJDIR ".libs/"
#define HAVE_SYS_TIME_H 1
#define HAVE_GETTIMEOFDAY 1

configure: exit 0
